<?xml version="1.0" encoding="UTF-8"?>
<testng-results ignored="0" total="4" passed="4" failed="0" skipped="0">
  <reporter-output>
  </reporter-output>
  <suite started-at="2022-02-24T07:53:55 IST" name="Suite" finished-at="2022-02-24T07:54:10 IST" duration-ms="14971">
    <groups>
    </groups>
    <test started-at="2022-02-24T07:53:55 IST" name="Test" finished-at="2022-02-24T07:54:10 IST" duration-ms="14971">
      <class name="com.selenium.basics.OpenChromeBrowser">
        <test-method signature="testP()[pri:0, instance:com.selenium.basics.OpenChromeBrowser@67c33749]" started-at="2022-02-24T07:54:03 IST" name="testP" finished-at="2022-02-24T07:54:10 IST" duration-ms="6652" status="PASS">
          <reporter-output>
          </reporter-output>
        </test-method> <!-- testP -->
      </class> <!-- com.selenium.basics.OpenChromeBrowser -->
      <class name="com.selenium.alerts.DemoAlerts">
        <test-method signature="testM()[pri:0, instance:com.selenium.alerts.DemoAlerts@78123e82]" started-at="2022-02-24T07:53:55 IST" name="testM" finished-at="2022-02-24T07:54:03 IST" duration-ms="8272" status="PASS">
          <reporter-output>
          </reporter-output>
        </test-method> <!-- testM -->
      </class> <!-- com.selenium.alerts.DemoAlerts -->
      <class name="com.testng.DemoTestNG">
        <test-method signature="test()[pri:0, instance:com.testng.DemoTestNG@7ea9e1e2]" started-at="2022-02-24T07:53:55 IST" name="test" finished-at="2022-02-24T07:53:55 IST" duration-ms="10" status="PASS">
          <reporter-output>
          </reporter-output>
        </test-method> <!-- test -->
        <test-method signature="test1()[pri:0, instance:com.testng.DemoTestNG@7ea9e1e2]" started-at="2022-02-24T07:53:55 IST" name="test1" finished-at="2022-02-24T07:53:55 IST" duration-ms="1" status="PASS">
          <reporter-output>
          </reporter-output>
        </test-method> <!-- test1 -->
      </class> <!-- com.testng.DemoTestNG -->
    </test> <!-- Test -->
  </suite> <!-- Suite -->
</testng-results>
