<?xml version="1.0" encoding="UTF-8"?>
<testng-results ignored="0" total="1" passed="1" failed="0" skipped="0">
  <reporter-output>
  </reporter-output>
  <suite started-at="2022-02-11T07:30:19 IST" name="Default suite" finished-at="2022-02-11T07:30:19 IST" duration-ms="44">
    <groups>
    </groups>
    <test started-at="2022-02-11T07:30:19 IST" name="Default test" finished-at="2022-02-11T07:30:19 IST" duration-ms="44">
      <class name="com.sports.criclket.DemoCricket">
        <test-method signature="test1()[pri:0, instance:com.sports.criclket.DemoCricket@61386958]" started-at="2022-02-11T07:30:19 IST" name="test1" finished-at="2022-02-11T07:30:19 IST" duration-ms="5" status="PASS">
          <reporter-output>
          </reporter-output>
        </test-method> <!-- test1 -->
      </class> <!-- com.sports.criclket.DemoCricket -->
    </test> <!-- Default test -->
  </suite> <!-- Default suite -->
</testng-results>
